<?xml version="1.0" encoding="UTF-8"?>
<!-- Generated by org.testng.reporters.JUnitXMLReporter -->
<testsuite ignored="0" hostname="Nikhil" failures="0" tests="7" name="Default test" time="11.699" errors="0" timestamp="2026-03-03T18:08:38 IST">
  <testcase classname="com.ecom.testClasses.TestCases" name="testLoginFunctionality" time="0.439"/>
  <testcase classname="com.ecom.testClasses.TestCases" name="testProductPreviewFunctionality" time="0.826"/>
  <testcase classname="com.ecom.testClasses.TestCases" name="testAddToCartFunctionality" time="0.18"/>
  <testcase classname="com.ecom.testClasses.TestCases" name="testCartFunctionality" time="0.197"/>
  <testcase classname="com.ecom.testClasses.TestCases" name="testCheckoutFunctionality" time="1.845"/>
  <testcase classname="com.ecom.testClasses.TestCases" name="testPaymentPageFunctionality" time="1.355"/>
  <testcase classname="com.ecom.testClasses.TestCases" name="testSignOutFunctionality" time="0.793"/>
</testsuite> <!-- Default test -->
