<?xml version="1.0" encoding="UTF-8"?>
<testng-results ignored="0" total="7" passed="7" failed="0" skipped="0">
  <reporter-output>
  </reporter-output>
  <suite started-at="2026-03-03T18:08:26 IST" name="Default suite" finished-at="2026-03-03T18:08:38 IST" duration-ms="11699">
    <groups>
    </groups>
    <test started-at="2026-03-03T18:08:26 IST" name="Default test" finished-at="2026-03-03T18:08:38 IST" duration-ms="11699">
      <class name="com.ecom.testClasses.TestCases">
        <test-method is-config="true" signature="launchChromeBrowser()[pri:0, instance:com.ecom.testClasses.TestCases@4c402120]" started-at="2026-03-03T18:08:26 IST" name="launchChromeBrowser" finished-at="2026-03-03T18:08:32 IST" duration-ms="5699" status="PASS">
          <reporter-output>
          </reporter-output>
        </test-method> <!-- launchChromeBrowser -->
        <test-method signature="testLoginFunctionality()[pri:0, instance:com.ecom.testClasses.TestCases@4c402120]" started-at="2026-03-03T18:08:32 IST" name="testLoginFunctionality" finished-at="2026-03-03T18:08:33 IST" duration-ms="439" status="PASS">
          <reporter-output>
          </reporter-output>
        </test-method> <!-- testLoginFunctionality -->
        <test-method signature="testProductPreviewFunctionality()[pri:0, instance:com.ecom.testClasses.TestCases@4c402120]" started-at="2026-03-03T18:08:33 IST" name="testProductPreviewFunctionality" finished-at="2026-03-03T18:08:34 IST" depends-on-methods="com.ecom.testClasses.TestCases.testLoginFunctionality" duration-ms="826" status="PASS">
          <reporter-output>
          </reporter-output>
        </test-method> <!-- testProductPreviewFunctionality -->
        <test-method signature="testAddToCartFunctionality()[pri:0, instance:com.ecom.testClasses.TestCases@4c402120]" started-at="2026-03-03T18:08:34 IST" name="testAddToCartFunctionality" finished-at="2026-03-03T18:08:34 IST" depends-on-methods="com.ecom.testClasses.TestCases.testProductPreviewFunctionality" duration-ms="180" status="PASS">
          <reporter-output>
          </reporter-output>
        </test-method> <!-- testAddToCartFunctionality -->
        <test-method signature="testCartFunctionality()[pri:0, instance:com.ecom.testClasses.TestCases@4c402120]" started-at="2026-03-03T18:08:34 IST" name="testCartFunctionality" finished-at="2026-03-03T18:08:34 IST" depends-on-methods="com.ecom.testClasses.TestCases.testAddToCartFunctionality" duration-ms="197" status="PASS">
          <reporter-output>
          </reporter-output>
        </test-method> <!-- testCartFunctionality -->
        <test-method signature="testCheckoutFunctionality()[pri:0, instance:com.ecom.testClasses.TestCases@4c402120]" started-at="2026-03-03T18:08:34 IST" name="testCheckoutFunctionality" finished-at="2026-03-03T18:08:36 IST" depends-on-methods="com.ecom.testClasses.TestCases.testCartFunctionality" duration-ms="1845" status="PASS">
          <reporter-output>
          </reporter-output>
        </test-method> <!-- testCheckoutFunctionality -->
        <test-method signature="testPaymentPageFunctionality()[pri:0, instance:com.ecom.testClasses.TestCases@4c402120]" started-at="2026-03-03T18:08:36 IST" name="testPaymentPageFunctionality" finished-at="2026-03-03T18:08:37 IST" depends-on-methods="com.ecom.testClasses.TestCases.testCheckoutFunctionality" duration-ms="1355" status="PASS">
          <reporter-output>
          </reporter-output>
        </test-method> <!-- testPaymentPageFunctionality -->
        <test-method signature="testSignOutFunctionality()[pri:0, instance:com.ecom.testClasses.TestCases@4c402120]" started-at="2026-03-03T18:08:37 IST" name="testSignOutFunctionality" finished-at="2026-03-03T18:08:38 IST" depends-on-methods="com.ecom.testClasses.TestCases.testPaymentPageFunctionality" duration-ms="793" status="PASS">
          <reporter-output>
          </reporter-output>
        </test-method> <!-- testSignOutFunctionality -->
        <test-method is-config="true" signature="tearDown()[pri:0, instance:com.ecom.testClasses.TestCases@4c402120]" started-at="2026-03-03T18:08:38 IST" name="tearDown" finished-at="2026-03-03T18:08:38 IST" duration-ms="264" status="PASS">
          <reporter-output>
          </reporter-output>
        </test-method> <!-- tearDown -->
      </class> <!-- com.ecom.testClasses.TestCases -->
    </test> <!-- Default test -->
  </suite> <!-- Default suite -->
</testng-results>
